Using pre-set license
Built from '2020.3/release' branch; Version is '2020.3.27f1 (e759542391ea) revision 15161684'; Using compiler version '192528614'; Build Type 'Release'
OS: 'Windows 10  (10.0.19043) 64bit Professional' Language: 'es' Physical Memory: 16153 MB
BatchMode: 1, IsHumanControllingUs: 0, StartBugReporterOnCrash: 0, Is64bit: 1, IsPro: 0

COMMAND LINE ARGUMENTS:
C:\Program Files\Unity\Hub\Editor\2020.3.27f1\Editor\Unity.exe
-adb2
-batchMode
-noUpm
-name
AssetImportWorker0
-projectPath
C:/Users/adrib/Documents/Uni Europea/Entornos 3d/P5-Iluminaci贸n/Cornell Box
-logFile
Logs/AssetImportWorker0.log
-srvPort
61025
Successfully changed project path to: C:/Users/adrib/Documents/Uni Europea/Entornos 3d/P5-Iluminaci贸n/Cornell Box
C:/Users/adrib/Documents/Uni Europea/Entornos 3d/P5-Iluminaci贸n/Cornell Box
Using Asset Import Pipeline V2.
Refreshing native plugins compatible for Editor in 67.12 ms, found 2 plugins.
Preloading 0 native plugins for Editor in 0.00 ms.
Initialize engine version: 2020.3.27f1 (e759542391ea)
[Subsystems] Discovering subsystems at path C:/Program Files/Unity/Hub/Editor/2020.3.27f1/Editor/Data/Resources/UnitySubsystems
[Subsystems] Discovering subsystems at path C:/Users/adrib/Documents/Uni Europea/Entornos 3d/P5-Iluminaci贸n/Cornell Box/Assets
GfxDevice: creating device client; threaded=0
Direct3D:
    Version:  Direct3D 11.0 [level 11.1]
    Renderer: NVIDIA GeForce RTX 2060 with Max-Q Design (ID=0x1f12)
    Vendor:   
    VRAM:     5980 MB
    Driver:   30.0.15.1259
Initialize mono
Mono path[0] = 'C:/Program Files/Unity/Hub/Editor/2020.3.27f1/Editor/Data/Managed'
Mono path[1] = 'C:/Program Files/Unity/Hub/Editor/2020.3.27f1/Editor/Data/MonoBleedingEdge/lib/mono/unityjit'
Mono config path = 'C:/Program Files/Unity/Hub/Editor/2020.3.27f1/Editor/Data/MonoBleedingEdge/etc'
Using monoOptions --debugger-agent=transport=dt_socket,embedding=1,server=y,suspend=n,address=127.0.0.1:56504
Begin MonoManager ReloadAssembly
Registering precompiled unity dll's ...
Register platform support module: C:/Program Files/Unity/Hub/Editor/2020.3.27f1/Editor/Data/PlaybackEngines/WindowsStandaloneSupport/UnityEditor.WindowsStandalone.Extensions.dll
Registered in 0.002540 seconds.
Native extension for WindowsStandalone target not found
Refreshing native plugins compatible for Editor in 97.40 ms, found 2 plugins.
Preloading 0 native plugins for Editor in 0.00 ms.
Mono: successfully reloaded assembly
- Completed reload, in  1.004 seconds
Domain Reload Profiling:
	ReloadAssembly (1004ms)
		BeginReloadAssembly (111ms)
			ExecutionOrderSort (0ms)
			DisableScriptedObjects (0ms)
			BackupInstance (0ms)
			ReleaseScriptingObjects (0ms)
			CreateAndSetChildDomain (3ms)
		EndReloadAssembly (771ms)
			LoadAssemblies (104ms)
			RebuildTransferFunctionScriptingTraits (0ms)
			SetupTypeCache (245ms)
			ReleaseScriptCaches (0ms)
			RebuildScriptCaches (55ms)
			SetupLoadedEditorAssemblies (294ms)
				LogAssemblyErrors (0ms)
				InitializePlatformSupportModulesInManaged (7ms)
				SetLoadedEditorAssemblies (0ms)
				RefreshPlugins (98ms)
				BeforeProcessingInitializeOnLoad (20ms)
				ProcessInitializeOnLoadAttributes (126ms)
				ProcessInitializeOnLoadMethodAttributes (43ms)
				AfterProcessingInitializeOnLoad (0ms)
				EditorAssembliesLoaded (0ms)
			ExecutionOrderSort2 (0ms)
			AwakeInstancesAfterBackupRestoration (0ms)
Platform modules already initialized, skipping
Registering precompiled user dll's ...
Registered in 0.008323 seconds.
Begin MonoManager ReloadAssembly
Native extension for WindowsStandalone target not found
Refreshing native plugins compatible for Editor in 48.79 ms, found 2 plugins.
Preloading 0 native plugins for Editor in 0.00 ms.
Mono: successfully reloaded assembly
- Completed reload, in  1.177 seconds
Domain Reload Profiling:
	ReloadAssembly (1177ms)
		BeginReloadAssembly (166ms)
			ExecutionOrderSort (0ms)
			DisableScriptedObjects (5ms)
			BackupInstance (0ms)
			ReleaseScriptingObjects (0ms)
			CreateAndSetChildDomain (19ms)
		EndReloadAssembly (948ms)
			LoadAssemblies (98ms)
			RebuildTransferFunctionScriptingTraits (0ms)
			SetupTypeCache (319ms)
			ReleaseScriptCaches (0ms)
			RebuildScriptCaches (54ms)
			SetupLoadedEditorAssemblies (328ms)
				LogAssemblyErrors (0ms)
				InitializePlatformSupportModulesInManaged (3ms)
				SetLoadedEditorAssemblies (0ms)
				RefreshPlugins (49ms)
				BeforeProcessingInitializeOnLoad (84ms)
				ProcessInitializeOnLoadAttributes (174ms)
				ProcessInitializeOnLoadMethodAttributes (11ms)
				AfterProcessingInitializeOnLoad (6ms)
				EditorAssembliesLoaded (0ms)
			ExecutionOrderSort2 (0ms)
			AwakeInstancesAfterBackupRestoration (6ms)
Platform modules already initialized, skipping
========================================================================
Worker process is ready to serve import requests
Launched and connected shader compiler UnityShaderCompiler.exe after 0.07 seconds
Refreshing native plugins compatible for Editor in 0.92 ms, found 2 plugins.
Preloading 0 native plugins for Editor in 0.00 ms.
Unloading 2811 Unused Serialized files (Serialized files now loaded: 0)
System memory in use before: 126.6 MB.
System memory in use after: 126.8 MB.

Unloading 20 unused Assets to reduce memory usage. Loaded Objects now: 3241.
Total: 3.359000 ms (FindLiveObjects: 0.253900 ms CreateObjectMapping: 0.168300 ms MarkObjects: 2.865800 ms  DeleteObjects: 0.070100 ms)

AssetImportParameters requested are different than current active one (requested -> active):
  custom:framework-win-MediaFoundation: 216162199b28c13a410421893ffa2e32 -> 
  custom:video-decoder-ogg-theora: a1e56fd34408186e4bbccfd4996cb3dc -> 
  custom:container-muxer-webm: aa71ff27fc2769a1b78a27578f13a17b -> 
  custom:container-demuxer-webm: 4f35f7cbe854078d1ac9338744f61a02 -> 
  custom:container-demuxer-ogg: 62fdf1f143b41e24485cea50d1cbac27 -> 
  custom:video-encoder-webm-vp8: eb34c28f22e8b96e1ab97ce403110664 -> 
  custom:video-decoder-webm-vp8: 9c59270c3fd7afecdb556c50c9e8de78 -> 
  custom:audio-decoder-ogg-vorbis: bf7c407c2cedff20999df2af8eb42d56 -> 
  custom:audio-encoder-webm-vorbis: bf7c407c2cedff20999df2af8eb42d56 -> 
========================================================================
Received Import Request.
  path: Assets/Readme.asset
  artifactKey: Guid(83c2ed844a8c74b779a4c823d16594b1) Importer(815301076,1909f56bfc062723c751e8b465ee728b)
Start importing Assets/Readme.asset using Guid(83c2ed844a8c74b779a4c823d16594b1) Importer(815301076,1909f56bfc062723c751e8b465ee728b)  -> (artifact id: '8ffd2c44ffeb50c574abb5d0c4453328') in 0.043985 seconds 
  Import took 0.050620 seconds .

========================================================================
Received Prepare
Registering precompiled user dll's ...
Registered in 0.005608 seconds.
Begin MonoManager ReloadAssembly
Native extension for WindowsStandalone target not found
Refreshing native plugins compatible for Editor in 0.48 ms, found 2 plugins.
Preloading 0 native plugins for Editor in 0.00 ms.
Mono: successfully reloaded assembly
- Completed reload, in  0.981 seconds
Domain Reload Profiling:
	ReloadAssembly (981ms)
		BeginReloadAssembly (121ms)
			ExecutionOrderSort (0ms)
			DisableScriptedObjects (4ms)
			BackupInstance (0ms)
			ReleaseScriptingObjects (0ms)
			CreateAndSetChildDomain (33ms)
		EndReloadAssembly (797ms)
			LoadAssemblies (106ms)
			RebuildTransferFunctionScriptingTraits (0ms)
			SetupTypeCache (298ms)
			ReleaseScriptCaches (1ms)
			RebuildScriptCaches (36ms)
			SetupLoadedEditorAssemblies (269ms)
				LogAssemblyErrors (0ms)
				InitializePlatformSupportModulesInManaged (3ms)
				SetLoadedEditorAssemblies (0ms)
				RefreshPlugins (1ms)
				BeforeProcessingInitializeOnLoad (82ms)
				ProcessInitializeOnLoadAttributes (169ms)
				ProcessInitializeOnLoadMethodAttributes (8ms)
				AfterProcessingInitializeOnLoad (6ms)
				EditorAssembliesLoaded (0ms)
			ExecutionOrderSort2 (0ms)
			AwakeInstancesAfterBackupRestoration (9ms)
Platform modules already initialized, skipping
Refreshing native plugins compatible for Editor in 0.53 ms, found 2 plugins.
Preloading 0 native plugins for Editor in 0.00 ms.
Unloading 2708 Unused Serialized files (Serialized files now loaded: 0)
System memory in use before: 121.2 MB.
System memory in use after: 121.4 MB.

Unloading 15 unused Assets to reduce memory usage. Loaded Objects now: 3250.
Total: 3.326700 ms (FindLiveObjects: 0.213600 ms CreateObjectMapping: 0.122200 ms MarkObjects: 2.956000 ms  DeleteObjects: 0.034200 ms)

AssetImportParameters requested are different than current active one (requested -> active):
  custom:framework-win-MediaFoundation: 216162199b28c13a410421893ffa2e32 -> 
  custom:video-decoder-ogg-theora: a1e56fd34408186e4bbccfd4996cb3dc -> 
  custom:container-muxer-webm: aa71ff27fc2769a1b78a27578f13a17b -> 
  custom:container-demuxer-webm: 4f35f7cbe854078d1ac9338744f61a02 -> 
  custom:container-demuxer-ogg: 62fdf1f143b41e24485cea50d1cbac27 -> 
  custom:video-encoder-webm-vp8: eb34c28f22e8b96e1ab97ce403110664 -> 
  custom:video-decoder-webm-vp8: 9c59270c3fd7afecdb556c50c9e8de78 -> 
  custom:audio-decoder-ogg-vorbis: bf7c407c2cedff20999df2af8eb42d56 -> 
  custom:audio-encoder-webm-vorbis: bf7c407c2cedff20999df2af8eb42d56 -> 
========================================================================
Received Import Request.
  Time since last request: 226.447230 seconds.
  path: Assets/Settings/ForwardRenderer.asset
  artifactKey: Guid(4a8e21d5c33334b11b34a596161b9360) Importer(815301076,1909f56bfc062723c751e8b465ee728b)
Start importing Assets/Settings/ForwardRenderer.asset using Guid(4a8e21d5c33334b11b34a596161b9360) Importer(815301076,1909f56bfc062723c751e8b465ee728b)  -> (artifact id: '63cf95242464b0f1307a08bc2392aaaa') in 0.027952 seconds 
  Import took 0.033317 seconds .

========================================================================
Received Import Request.
  Time since last request: 0.000168 seconds.
  path: Assets/Settings/SampleSceneProfile.asset
  artifactKey: Guid(10fc4df2da32a41aaa32d77bc913491c) Importer(815301076,1909f56bfc062723c751e8b465ee728b)
Start importing Assets/Settings/SampleSceneProfile.asset using Guid(10fc4df2da32a41aaa32d77bc913491c) Importer(815301076,1909f56bfc062723c751e8b465ee728b)  -> (artifact id: 'd2b3f476ab718b1cf20d183dd9addfe7') in 0.018566 seconds 
  Import took 0.022970 seconds .

========================================================================
Received Import Request.
  Time since last request: 0.000183 seconds.
  path: Assets/Settings/UniversalRP-LowQuality.asset
  artifactKey: Guid(a31e9f9f9c9d4b9429ed0d1234e22103) Importer(815301076,1909f56bfc062723c751e8b465ee728b)
Start importing Assets/Settings/UniversalRP-LowQuality.asset using Guid(a31e9f9f9c9d4b9429ed0d1234e22103) Importer(815301076,1909f56bfc062723c751e8b465ee728b)  -> (artifact id: 'b226a0bb157262eadf686f6bb5b5f1f8') in 0.009590 seconds 
  Import took 0.015308 seconds .

========================================================================
Received Import Request.
  Time since last request: 0.000213 seconds.
  path: Assets/Settings/UniversalRP-MediumQuality.asset
  artifactKey: Guid(d847b876476d3d6468f5dfcd34266f96) Importer(815301076,1909f56bfc062723c751e8b465ee728b)
Start importing Assets/Settings/UniversalRP-MediumQuality.asset using Guid(d847b876476d3d6468f5dfcd34266f96) Importer(815301076,1909f56bfc062723c751e8b465ee728b)  -> (artifact id: 'd421f548a6507a11f25ec3578746e9c1') in 0.009162 seconds 
  Import took 0.015650 seconds .

========================================================================
Received Import Request.
  Time since last request: 0.000199 seconds.
  path: Assets/Settings/UniversalRP-HighQuality.asset
  artifactKey: Guid(19ba41d7c0026c3459d37c2fe90c55a0) Importer(815301076,1909f56bfc062723c751e8b465ee728b)
Start importing Assets/Settings/UniversalRP-HighQuality.asset using Guid(19ba41d7c0026c3459d37c2fe90c55a0) Importer(815301076,1909f56bfc062723c751e8b465ee728b)  -> (artifact id: '02e18c1f933b70f494440bf5e7626866') in 0.008384 seconds 
  Import took 0.013341 seconds .

========================================================================
Received Import Request.
  Time since last request: 109.649455 seconds.
  path: Assets/Scenes
  artifactKey: Guid(185a5c4ec88f5974ab0950c054c8ae79) Importer(815301076,1909f56bfc062723c751e8b465ee728b)
Start importing Assets/Scenes using Guid(185a5c4ec88f5974ab0950c054c8ae79) Importer(815301076,1909f56bfc062723c751e8b465ee728b)  -> (artifact id: 'cc290f461e65da0112ea6c61d749e471') in 0.027744 seconds 
  Import took 0.035444 seconds .

========================================================================
Received Import Request.
  Time since last request: 37.460336 seconds.
  path: Assets/Scenes/Scene.unity
  artifactKey: Guid(b4f968832c142bd478157cf0c78a3e71) Importer(815301076,1909f56bfc062723c751e8b465ee728b)
Start importing Assets/Scenes/Scene.unity using Guid(b4f968832c142bd478157cf0c78a3e71) Importer(815301076,1909f56bfc062723c751e8b465ee728b)  -> (artifact id: '328da4f482af5be45c0e628065f61375') in 0.008391 seconds 
  Import took 0.012854 seconds .

========================================================================
Received Import Request.
  Time since last request: 1.244265 seconds.
  path: Assets/Scenes/SampleScene.unity
  artifactKey: Guid(d1c3109bdb54ad54c8a2b2838528e640) Importer(815301076,1909f56bfc062723c751e8b465ee728b)
Start importing Assets/Scenes/SampleScene.unity using Guid(d1c3109bdb54ad54c8a2b2838528e640) Importer(815301076,1909f56bfc062723c751e8b465ee728b)  -> (artifact id: '1a7c01bc8ed57adf1ede3d700e613d7f') in 0.008993 seconds 
  Import took 0.013606 seconds .

========================================================================
Received Import Request.
  Time since last request: 2.225629 seconds.
  path: Assets/Scenes/SampleSceneLightingSettings.lighting
  artifactKey: Guid(477cc4148fad3449482a3bc3178594e2) Importer(815301076,1909f56bfc062723c751e8b465ee728b)
Start importing Assets/Scenes/SampleSceneLightingSettings.lighting using Guid(477cc4148fad3449482a3bc3178594e2) Importer(815301076,1909f56bfc062723c751e8b465ee728b)  -> (artifact id: '4a26a52e718306fba651ad1c5ff177c0') in 0.009673 seconds 
  Import took 0.013963 seconds .

========================================================================
Received Import Request.
  Time since last request: 583.950430 seconds.
  path: Assets/Materials/Skybox_Mat.mat
  artifactKey: Guid(0ffaa0b7117ba8c47a9d05ae701d4b4d) Importer(815301076,1909f56bfc062723c751e8b465ee728b)
Start importing Assets/Materials/Skybox_Mat.mat using Guid(0ffaa0b7117ba8c47a9d05ae701d4b4d) Importer(815301076,1909f56bfc062723c751e8b465ee728b)  -> (artifact id: '4d54ab3375f41efad00566dcae11def2') in 0.186018 seconds 
  Import took 0.191498 seconds .

========================================================================
Received Import Request.
  Time since last request: 4.345324 seconds.
  path: Assets/Materials
  artifactKey: Guid(d0234ba368eeec9418390da711bfdad0) Importer(815301076,1909f56bfc062723c751e8b465ee728b)
Start importing Assets/Materials using Guid(d0234ba368eeec9418390da711bfdad0) Importer(815301076,1909f56bfc062723c751e8b465ee728b)  -> (artifact id: 'dd1fccef896d48891410691dfde716e5') in 0.008411 seconds 
  Import took 0.013623 seconds .

========================================================================
Received Import Request.
  Time since last request: 0.796312 seconds.
  path: Assets/Presets/AudioCompressedInMemory.preset
  artifactKey: Guid(2dd802e4d37c65149922028d3e973832) Importer(815301076,1909f56bfc062723c751e8b465ee728b)
Start importing Assets/Presets/AudioCompressedInMemory.preset using Guid(2dd802e4d37c65149922028d3e973832) Importer(815301076,1909f56bfc062723c751e8b465ee728b)  -> (artifact id: 'ac4de02398cfe62c06251b0f50233ebf') in 0.035735 seconds 
  Import took 0.039882 seconds .

========================================================================
Received Import Request.
  Time since last request: 0.000234 seconds.
  path: Assets/Presets/AudioStreaming.preset
  artifactKey: Guid(86bcce7f5575b54408aa0f3a7d321039) Importer(815301076,1909f56bfc062723c751e8b465ee728b)
Start importing Assets/Presets/AudioStreaming.preset using Guid(86bcce7f5575b54408aa0f3a7d321039) Importer(815301076,1909f56bfc062723c751e8b465ee728b)  -> (artifact id: '9982fbd60bc57b892b2c54d34a0163c0') in 0.010097 seconds 
  Import took 0.014877 seconds .

========================================================================
Received Import Request.
  Time since last request: 0.000244 seconds.
  path: Assets/Presets/NormalTexture.preset
  artifactKey: Guid(14a57cf3b9fa1c74b884aa7e0dcf1faa) Importer(815301076,1909f56bfc062723c751e8b465ee728b)
Start importing Assets/Presets/NormalTexture.preset using Guid(14a57cf3b9fa1c74b884aa7e0dcf1faa) Importer(815301076,1909f56bfc062723c751e8b465ee728b)  -> (artifact id: '9c195482fc53bc4f53f643643f636469') in 0.008882 seconds 
  Import took 0.013354 seconds .

========================================================================
Received Import Request.
  Time since last request: 0.000303 seconds.
  path: Assets/Presets/UtilityTexture.preset
  artifactKey: Guid(45f7b2e3c78185248b3adbb14429c2ab) Importer(815301076,1909f56bfc062723c751e8b465ee728b)
Start importing Assets/Presets/UtilityTexture.preset using Guid(45f7b2e3c78185248b3adbb14429c2ab) Importer(815301076,1909f56bfc062723c751e8b465ee728b)  -> (artifact id: 'ab9c1faeeb59b745cafa0ae79c874a42') in 0.009602 seconds 
  Import took 0.014652 seconds .

========================================================================
Received Import Request.
  Time since last request: 8.052743 seconds.
  path: Assets/Materials/White.mat
  artifactKey: Guid(d8c493e6007877547b07dc9d14591af4) Importer(815301076,1909f56bfc062723c751e8b465ee728b)
Start importing Assets/Materials/White.mat using Guid(d8c493e6007877547b07dc9d14591af4) Importer(815301076,1909f56bfc062723c751e8b465ee728b)  -> (artifact id: 'e409d53f1c0c7f05e8e55fda46de61e2') in 0.030042 seconds 
  Import took 0.034563 seconds .

========================================================================
Received Import Request.
  Time since last request: 13.347712 seconds.
  path: Assets/Materials/Red.mat
  artifactKey: Guid(c4e6808f63034754789f0f6ba9dfe7de) Importer(815301076,1909f56bfc062723c751e8b465ee728b)
Start importing Assets/Materials/Red.mat using Guid(c4e6808f63034754789f0f6ba9dfe7de) Importer(815301076,1909f56bfc062723c751e8b465ee728b)  -> (artifact id: 'bc1bf25718bfddb387492ba5cb87c800') in 0.019472 seconds 
  Import took 0.024227 seconds .

========================================================================
Received Import Request.
  Time since last request: 1.106581 seconds.
  path: Assets/Materials/Red 1.mat
  artifactKey: Guid(025b80a94bc34b446a4eaf7bb82ffaba) Importer(815301076,1909f56bfc062723c751e8b465ee728b)
Start importing Assets/Materials/Red 1.mat using Guid(025b80a94bc34b446a4eaf7bb82ffaba) Importer(815301076,1909f56bfc062723c751e8b465ee728b)  -> (artifact id: '0f2faadb2d51fdd4b5159f3b934be6b6') in 0.019932 seconds 
  Import took 0.024736 seconds .

========================================================================
Received Import Request.
  Time since last request: 4.096860 seconds.
  path: Assets/Materials/Green.mat
  artifactKey: Guid(025b80a94bc34b446a4eaf7bb82ffaba) Importer(815301076,1909f56bfc062723c751e8b465ee728b)
Start importing Assets/Materials/Green.mat using Guid(025b80a94bc34b446a4eaf7bb82ffaba) Importer(815301076,1909f56bfc062723c751e8b465ee728b)  -> (artifact id: 'c72415d02ff82be1350888715824afa5') in 0.019991 seconds 
  Import took 0.024377 seconds .

========================================================================
Received Import Request.
  Time since last request: 21.027601 seconds.
  path: Assets/Materials/Green.mat
  artifactKey: Guid(025b80a94bc34b446a4eaf7bb82ffaba) Importer(815301076,1909f56bfc062723c751e8b465ee728b)
Start importing Assets/Materials/Green.mat using Guid(025b80a94bc34b446a4eaf7bb82ffaba) Importer(815301076,1909f56bfc062723c751e8b465ee728b)  -> (artifact id: '453fb5b9d6b06c28712ee92058fb1c39') in 0.013097 seconds 
  Import took 0.019676 seconds .

========================================================================
Received Import Request.
  Time since last request: 0.000201 seconds.
  path: Assets/Materials/Red.mat
  artifactKey: Guid(c4e6808f63034754789f0f6ba9dfe7de) Importer(815301076,1909f56bfc062723c751e8b465ee728b)
Start importing Assets/Materials/Red.mat using Guid(c4e6808f63034754789f0f6ba9dfe7de) Importer(815301076,1909f56bfc062723c751e8b465ee728b)  -> (artifact id: '2af457a7ee9cf09aa7e90c88cfef7b14') in 0.012787 seconds 
  Import took 0.019188 seconds .

========================================================================
Received Import Request.
  Time since last request: 0.000180 seconds.
  path: Assets/Materials/White 1.mat
  artifactKey: Guid(8814c6e758ffc974580c246c1dd65e05) Importer(815301076,1909f56bfc062723c751e8b465ee728b)
Start importing Assets/Materials/White 1.mat using Guid(8814c6e758ffc974580c246c1dd65e05) Importer(815301076,1909f56bfc062723c751e8b465ee728b)  -> (artifact id: '0b63cbcf5cc689d79fe90066a9c3db56') in 0.018364 seconds 
  Import took 0.023198 seconds .

========================================================================
Received Import Request.
  Time since last request: 10.427988 seconds.
  path: Assets/Materials/Default.mat
  artifactKey: Guid(d8c493e6007877547b07dc9d14591af4) Importer(815301076,1909f56bfc062723c751e8b465ee728b)
Start importing Assets/Materials/Default.mat using Guid(d8c493e6007877547b07dc9d14591af4) Importer(815301076,1909f56bfc062723c751e8b465ee728b)  -> (artifact id: '14c93f137eab3409c5cfec931fdf0e5b') in 0.019064 seconds 
  Import took 0.023852 seconds .

========================================================================
Received Import Request.
  Time since last request: 19.482547 seconds.
  path: Assets/Materials/White.mat
  artifactKey: Guid(8814c6e758ffc974580c246c1dd65e05) Importer(815301076,1909f56bfc062723c751e8b465ee728b)
Start importing Assets/Materials/White.mat using Guid(8814c6e758ffc974580c246c1dd65e05) Importer(815301076,1909f56bfc062723c751e8b465ee728b)  -> (artifact id: 'ccef99539473dd7122a448b2fa8ca3fa') in 0.015210 seconds 
  Import took 0.020518 seconds .

========================================================================
Received Import Request.
  Time since last request: 361.050720 seconds.
  path: Assets/Materials/Default.mat
  artifactKey: Guid(d8c493e6007877547b07dc9d14591af4) Importer(815301076,1909f56bfc062723c751e8b465ee728b)
Start importing Assets/Materials/Default.mat using Guid(d8c493e6007877547b07dc9d14591af4) Importer(815301076,1909f56bfc062723c751e8b465ee728b)  -> (artifact id: 'b9b0d709dbd2d366d933c2e7808d5511') in 0.017819 seconds 
  Import took 0.023401 seconds .

========================================================================
Received Import Request.
  Time since last request: 0.000195 seconds.
  path: Assets/Materials/Glow.mat
  artifactKey: Guid(8e8199e29d15f1f409ae639c4987ffc2) Importer(815301076,1909f56bfc062723c751e8b465ee728b)
Start importing Assets/Materials/Glow.mat using Guid(8e8199e29d15f1f409ae639c4987ffc2) Importer(815301076,1909f56bfc062723c751e8b465ee728b)  -> (artifact id: 'bc01b3cb92654d45ac0643fe9f406592') in 0.015351 seconds 
  Import took 0.020290 seconds .

========================================================================
Received Import Request.
  Time since last request: 377.376327 seconds.
  path: Assets/Materials/Glow.mat
  artifactKey: Guid(8e8199e29d15f1f409ae639c4987ffc2) Importer(815301076,1909f56bfc062723c751e8b465ee728b)
Start importing Assets/Materials/Glow.mat using Guid(8e8199e29d15f1f409ae639c4987ffc2) Importer(815301076,1909f56bfc062723c751e8b465ee728b)  -> (artifact id: '0c975fc78ec2f0ba394d7d7277bdf1c0') in 0.031162 seconds 
  Import took 0.039294 seconds .

========================================================================
Received Import Request.
  Time since last request: 355.910987 seconds.
  path: Assets/Materials/Glow.mat
  artifactKey: Guid(8e8199e29d15f1f409ae639c4987ffc2) Importer(815301076,1909f56bfc062723c751e8b465ee728b)
Start importing Assets/Materials/Glow.mat using Guid(8e8199e29d15f1f409ae639c4987ffc2) Importer(815301076,1909f56bfc062723c751e8b465ee728b)  -> (artifact id: '4cb1244977cfef018c859dec3885da9a') in 0.018220 seconds 
  Import took 0.025888 seconds .

========================================================================
Received Import Request.
  Time since last request: 112.317643 seconds.
  path: Assets/Materials/Glow.mat
  artifactKey: Guid(8e8199e29d15f1f409ae639c4987ffc2) Importer(815301076,1909f56bfc062723c751e8b465ee728b)
Start importing Assets/Materials/Glow.mat using Guid(8e8199e29d15f1f409ae639c4987ffc2) Importer(815301076,1909f56bfc062723c751e8b465ee728b)  -> (artifact id: '76064c6280013bf752dda33c8953b8a5') in 0.013752 seconds 
  Import took 0.019882 seconds .

AssetImportWorkerClient::OnTransportError - code=2 error=End of file
